[2026-04-02 08:09:37] ========================================
[2026-04-02 08:09:37] Git Auto Commit Script Started
[2026-04-02 08:09:37] ========================================
[2026-04-02 08:09:37] Running in single commit mode
[2026-04-02 08:09:37] Current branch: main
[2026-04-02 08:09:37] Adding all changes...
[2026-04-02 08:09:37] Committing with message: Auto commit at 2026-04-02 08:09:37
[2026-04-02 08:09:38] Pushing to remote...
[2026-04-02 08:09:40] ERROR: Failed to push to remote
[2026-04-02 08:09:40] ========================================
[2026-04-02 08:09:40] Git Auto Commit Script Finished
[2026-04-02 08:09:40] ========================================
[2026-04-02 08:13:17] ========================================
[2026-04-02 08:13:17] Git Auto Commit Script Started
[2026-04-02 08:13:17] ========================================
[2026-04-02 08:13:17] Running in single commit mode
[2026-04-02 08:13:17] Current branch: main
[2026-04-02 08:13:18] Adding all changes...
[2026-04-02 08:13:18] Committing with message: Auto commit at 2026-04-02 08:13:18
[2026-04-02 08:13:18] Pushing to remote...
[2026-04-02 08:13:20] SUCCESS: Changes committed and pushed successfully
[2026-04-02 08:13:20] ========================================
[2026-04-02 08:13:20] Git Auto Commit Script Finished
[2026-04-02 08:13:20] ========================================
[2026-04-03 20:07:21] ========================================
[2026-04-03 20:07:21] Git Auto Commit Script Started
[2026-04-03 20:07:21] ========================================
[2026-04-03 20:07:21] Running in single commit mode
[2026-04-03 20:07:21] Current branch: main
[2026-04-03 20:07:21] Adding all changes...
